<?xml version="1.0" encoding="UTF-8"?>
<testsuite xmlns:xsi="http://www.w3.org/2001/XMLSchema-instance" xsi:noNamespaceSchemaLocation="https://maven.apache.org/surefire/maven-surefire-plugin/xsd/surefire-test-report-3.0.xsd" version="3.0" name="implementaciones.ArrayListTest" time="0.062" tests="9" errors="0" skipped="0" failures="0">
  <properties>
[...]
</properties>
  <testcase name="testRemove_ElementoExistenteInteger" classname="implementaciones.ArrayListTest" time="0.029"/>
  <testcase name="testIndexOf_PrimeraOcurrenciaString" classname="implementaciones.ArrayListTest" time="0"/>
  <testcase name="testClear_Integer" classname="implementaciones.ArrayListTest" time="0"/>
  <testcase name="testRemove_LanzaExcepcionListaVacia" classname="implementaciones.ArrayListTest" time="0.001"/>
  <testcase name="testIndexOf_ElementoExistenteInteger" classname="implementaciones.ArrayListTest" time="0.001"/>
  <testcase name="testSet_LanzaExcepcionIndiceFueraString" classname="implementaciones.ArrayListTest" time="0.002"/>
  <testcase name="testSet_CorrectoInteger" classname="implementaciones.ArrayListTest" time="0.001"/>
  <testcase name="testSet_LanzaExcepcionListaVacia" classname="implementaciones.ArrayListTest" time="0.002"/>
  <testcase name="testRemove_ElementoNoExistenteString" classname="implementaciones.ArrayListTest" time="0.001"/>
</testsuite>